This is pdfTeX, Version 3.14159265-2.6-1.40.16 (TeX Live 2015/Debian) (preloaded format=pdflatex 2018.10.13)  27 FEB 2019 08:21
entering extended mode
 restricted \write18 enabled.
 %&-line parsing enabled.
**thesis.tex
(./thesis.tex
LaTeX2e <2016/02/01>
Babel <3.9q> and hyphenation patterns for 3 language(s) loaded.
(./uwthesis.cls
Document Class: uwthesis 2015/03/03
\tf@not=\write3
(/usr/share/texlive/texmf-dist/tex/latex/base/book.cls
Document Class: book 2014/09/29 v1.4h Standard LaTeX document class
(/usr/share/texlive/texmf-dist/tex/latex/base/bk12.clo
File: bk12.clo 2014/09/29 v1.4h Standard LaTeX file (size option)
)
\c@part=\count79
\c@chapter=\count80
\c@section=\count81
\c@subsection=\count82
\c@subsubsection=\count83
\c@paragraph=\count84
\c@subparagraph=\count85
\c@figure=\count86
\c@table=\count87
\abovecaptionskip=\skip41
\belowcaptionskip=\skip42
\bibindent=\dimen102
)
Formatting for ProQuest
\botmargin=\dimen103
\@@wholepage=\box26
\@Chair=\count88
\@Sign=\count89
\abs@savebox=\box27
) (/usr/share/texlive/texmf-dist/tex/latex/amsmath/amsmath.sty
Package: amsmath 2016/03/03 v2.15a AMS math features
\@mathmargin=\skip43

For additional information on amsmath, use the `?' option.
(/usr/share/texlive/texmf-dist/tex/latex/amsmath/amstext.sty
Package: amstext 2000/06/29 v2.01 AMS text

(/usr/share/texlive/texmf-dist/tex/latex/amsmath/amsgen.sty
File: amsgen.sty 1999/11/30 v2.0 generic functions
\@emptytoks=\toks14
\ex@=\dimen104
))
(/usr/share/texlive/texmf-dist/tex/latex/amsmath/amsbsy.sty
Package: amsbsy 1999/11/29 v1.2d Bold Symbols
\pmbraise@=\dimen105
)
(/usr/share/texlive/texmf-dist/tex/latex/amsmath/amsopn.sty
Package: amsopn 1999/12/14 v2.01 operator names
)
\inf@bad=\count90
LaTeX Info: Redefining \frac on input line 199.
\uproot@=\count91
\leftroot@=\count92
LaTeX Info: Redefining \overline on input line 297.
\classnum@=\count93
\DOTSCASE@=\count94
LaTeX Info: Redefining \ldots on input line 394.
LaTeX Info: Redefining \dots on input line 397.
LaTeX Info: Redefining \cdots on input line 518.
\Mathstrutbox@=\box28
\strutbox@=\box29
\big@size=\dimen106
LaTeX Font Info:    Redeclaring font encoding OML on input line 630.
LaTeX Font Info:    Redeclaring font encoding OMS on input line 631.
\macc@depth=\count95
\c@MaxMatrixCols=\count96
\dotsspace@=\muskip10
\c@parentequation=\count97
\dspbrk@lvl=\count98
\tag@help=\toks15
\row@=\count99
\column@=\count100
\maxfields@=\count101
\andhelp@=\toks16
\eqnshift@=\dimen107
\alignsep@=\dimen108
\tagshift@=\dimen109
\tagwidth@=\dimen110
\totwidth@=\dimen111
\lineht@=\dimen112
\@envbody=\toks17
\multlinegap=\skip44
\multlinetaggap=\skip45
\mathdisplay@stack=\toks18
LaTeX Info: Redefining \[ on input line 2735.
LaTeX Info: Redefining \] on input line 2736.
)
(/usr/share/texlive/texmf-dist/tex/latex/graphics/graphicx.sty
Package: graphicx 2014/10/28 v1.0g Enhanced LaTeX Graphics (DPC,SPQR)

(/usr/share/texlive/texmf-dist/tex/latex/graphics/keyval.sty
Package: keyval 2014/10/28 v1.15 key=value parser (DPC)
\KV@toks@=\toks19
)
(/usr/share/texlive/texmf-dist/tex/latex/graphics/graphics.sty
Package: graphics 2016/01/03 v1.0q Standard LaTeX Graphics (DPC,SPQR)

(/usr/share/texlive/texmf-dist/tex/latex/graphics/trig.sty
Package: trig 2016/01/03 v1.10 sin cos tan (DPC)
)
(/usr/share/texlive/texmf-dist/tex/latex/latexconfig/graphics.cfg
File: graphics.cfg 2010/04/23 v1.9 graphics configuration of TeX Live
)
Package graphics Info: Driver file: pdftex.def on input line 95.

(/usr/share/texlive/texmf-dist/tex/latex/pdftex-def/pdftex.def
File: pdftex.def 2011/05/27 v0.06d Graphics/color for pdfTeX

(/usr/share/texlive/texmf-dist/tex/generic/oberdiek/infwarerr.sty
Package: infwarerr 2010/04/08 v1.3 Providing info/warning/error messages (HO)
)
(/usr/share/texlive/texmf-dist/tex/generic/oberdiek/ltxcmds.sty
Package: ltxcmds 2011/11/09 v1.22 LaTeX kernel commands for general use (HO)
)
\Gread@gobject=\count102
))
\Gin@req@height=\dimen113
\Gin@req@width=\dimen114
)
(./thesis.aux (./prelim.aux) (./introduction/chapter.aux) (./theory/chapter.aux
) (./design/chapter.aux) (./experiment/chapter.aux) (./software/chapter.aux)
(./systematics/chapter.aux) (./beam/chapter.aux) (./neutrons/chapter.aux))
\openout1 = `thesis.aux'.

LaTeX Font Info:    Checking defaults for OML/cmm/m/it on input line 7.
LaTeX Font Info:    ... okay on input line 7.
LaTeX Font Info:    Checking defaults for T1/cmr/m/n on input line 7.
LaTeX Font Info:    ... okay on input line 7.
LaTeX Font Info:    Checking defaults for OT1/cmr/m/n on input line 7.
LaTeX Font Info:    ... okay on input line 7.
LaTeX Font Info:    Checking defaults for OMS/cmsy/m/n on input line 7.
LaTeX Font Info:    ... okay on input line 7.
LaTeX Font Info:    Checking defaults for OMX/cmex/m/n on input line 7.
LaTeX Font Info:    ... okay on input line 7.
LaTeX Font Info:    Checking defaults for U/cmr/m/n on input line 7.
LaTeX Font Info:    ... okay on input line 7.

(/usr/share/texlive/texmf-dist/tex/context/base/supp-pdf.mkii
[Loading MPS to PDF converter (version 2006.09.02).]
\scratchcounter=\count103
\scratchdimen=\dimen115
\scratchbox=\box30
\nofMPsegments=\count104
\nofMParguments=\count105
\everyMPshowfont=\toks20
\MPscratchCnt=\count106
\MPscratchDim=\dimen116
\MPnumerator=\count107
\makeMPintoPDFobject=\count108
\everyMPtoPDFconversion=\toks21
) (/usr/share/texlive/texmf-dist/tex/generic/oberdiek/pdftexcmds.sty
Package: pdftexcmds 2011/11/29 v0.20 Utility functions of pdfTeX for LuaTeX (HO
)

(/usr/share/texlive/texmf-dist/tex/generic/oberdiek/ifluatex.sty
Package: ifluatex 2010/03/01 v1.3 Provides the ifluatex switch (HO)
Package ifluatex Info: LuaTeX not detected.
)
(/usr/share/texlive/texmf-dist/tex/generic/oberdiek/ifpdf.sty
Package: ifpdf 2011/01/30 v2.3 Provides the ifpdf switch (HO)
Package ifpdf Info: pdfTeX in PDF mode is detected.
)
Package pdftexcmds Info: LuaTeX not detected.
Package pdftexcmds Info: \pdf@primitive is available.
Package pdftexcmds Info: \pdf@ifprimitive is available.
Package pdftexcmds Info: \pdfdraftmode found.
)
(/usr/share/texlive/texmf-dist/tex/latex/oberdiek/epstopdf-base.sty
Package: epstopdf-base 2010/02/09 v2.5 Base part for package epstopdf

(/usr/share/texlive/texmf-dist/tex/latex/oberdiek/grfext.sty
Package: grfext 2010/08/19 v1.1 Manage graphics extensions (HO)

(/usr/share/texlive/texmf-dist/tex/generic/oberdiek/kvdefinekeys.sty
Package: kvdefinekeys 2011/04/07 v1.3 Define keys (HO)
))
(/usr/share/texlive/texmf-dist/tex/latex/oberdiek/kvoptions.sty
Package: kvoptions 2011/06/30 v3.11 Key value format for package options (HO)

(/usr/share/texlive/texmf-dist/tex/generic/oberdiek/kvsetkeys.sty
Package: kvsetkeys 2012/04/25 v1.16 Key value parser (HO)

(/usr/share/texlive/texmf-dist/tex/generic/oberdiek/etexcmds.sty
Package: etexcmds 2011/02/16 v1.5 Avoid name clashes with e-TeX commands (HO)
Package etexcmds Info: Could not find \expanded.
(etexcmds)             That can mean that you are not using pdfTeX 1.50 or
(etexcmds)             that some package has redefined \expanded.
(etexcmds)             In the latter case, load this package earlier.
)))
Package grfext Info: Graphics extension search list:
(grfext)             [.png,.pdf,.jpg,.mps,.jpeg,.jbig2,.jb2,.PNG,.PDF,.JPG,.JPE
G,.JBIG2,.JB2,.eps]
(grfext)             \AppendGraphicsExtensions on input line 452.

(/usr/share/texlive/texmf-dist/tex/latex/latexconfig/epstopdf-sys.cfg
File: epstopdf-sys.cfg 2010/07/13 v1.3 Configuration of (r)epstopdf for TeX Liv
e
))
\openout2 = `prelim.aux'.


(./prelim.tex
LaTeX Font Info:    Try loading font information for OMS+cmr on input line 8.
 (/usr/share/texlive/texmf-dist/tex/latex/base/omscmr.fd
File: omscmr.fd 2014/09/29 v2.5h Standard LaTeX font definitions
)
LaTeX Font Info:    Font shape `OMS/cmr/m/n' in size <12> not available
(Font)              Font shape `OMS/cmsy/m/n' tried instead on input line 8.
 [1


{/var/lib/texmf/fonts/map/pdftex/updmap/pdftex.map}] [-1

] [0

] (./thesis.toc [1



])
\tf@toc=\write4
\openout4 = `thesis.toc'.


[2] (./thesis.lof [3

])
\tf@lof=\write5
\openout5 = `thesis.lof'.

 [4] [5

]) [6

]
\openout2 = `introduction/chapter.aux'.

 (./introduction/chapter.tex
<<1>>
) [1





]
\openout2 = `theory/chapter.aux'.

 (./theory/chapter.tex
<<2>>
) [2



]
\openout2 = `design/chapter.aux'.

 (./design/chapter.tex
<<3>>
) [3



]
\openout2 = `experiment/chapter.aux'.

 (./experiment/chapter.tex
<<4>>
) [4



]
\openout2 = `software/chapter.aux'.

 (./software/chapter.tex
<<5>>
[5



]
<software/figures/Neutron_Interpolation.png, id=59, 1859.94875pt x 1030.85126pt
>
File: software/figures/Neutron_Interpolation.png Graphic file (type png)
 <use software/figures/Neutron_Interpolation.png>
Package pdftex.def Info: software/figures/Neutron_Interpolation.png used on inp
ut line 39.
(pdftex.def)             Requested size: 470.295pt x 260.6536pt.


LaTeX Warning: `h' float specifier changed to `ht'.

[6] [7 <./software/figures/Neutron_Interpolation.png>]
<software/figures/Neutron_Waveform_Averages.png, id=70, 1859.94875pt x 1032.858
75pt>
File: software/figures/Neutron_Waveform_Averages.png Graphic file (type png)
 <use software/figures/Neutron_Waveform_Averages.png>
Package pdftex.def Info: software/figures/Neutron_Waveform_Averages.png used on
 input line 75.
(pdftex.def)             Requested size: 470.295pt x 261.1612pt.


LaTeX Warning: `h' float specifier changed to `ht'.

<software/figures/Neutron_PSD.png, id=71, 1859.94875pt x 1030.85126pt>
File: software/figures/Neutron_PSD.png Graphic file (type png)

<use software/figures/Neutron_PSD.png>
Package pdftex.def Info: software/figures/Neutron_PSD.png used on input line 87
.
(pdftex.def)             Requested size: 470.295pt x 260.6536pt.


LaTeX Warning: `h' float specifier changed to `ht'.

[8])
Underfull \vbox (badness 2903) has occurred while \output is active []

 [9 <./software/figures/Neutron_Waveform_Averages.png>] [10 <./software/figures
/Neutron_PSD.png>]
\openout2 = `systematics/chapter.aux'.

 (./systematics/chapter.tex
<<6>>
) [11



]
\openout2 = `beam/chapter.aux'.

 (./beam/chapter.tex
<<7>>

Underfull \vbox (badness 2573) has occurred while \output is active []

 [12



]
<beam/figures/KickAutoCorrSim.pdf, id=88, 569.12625pt x 384.43625pt>
File: beam/figures/KickAutoCorrSim.pdf Graphic file (type pdf)

<use beam/figures/KickAutoCorrSim.pdf>
Package pdftex.def Info: beam/figures/KickAutoCorrSim.pdf used on input line 48
.
(pdftex.def)             Requested size: 470.295pt x 317.69176pt.


LaTeX Warning: `h' float specifier changed to `ht'.

[13]
Underfull \vbox (badness 6808) has occurred while \output is active []

 [14 <./beam/figures/KickAutoCorrSim.pdf, page is rotated 90 degrees>] [15]

LaTeX Warning: Reference `fig:mu_corr_fit' on page 16 undefined on input line 9
5.

<beam/figures/MuSC_Kick_Corr.png, id=141, 700.6175pt x 472.76625pt>
File: beam/figures/MuSC_Kick_Corr.png Graphic file (type png)

<use beam/figures/MuSC_Kick_Corr.png>
Package pdftex.def Info: beam/figures/MuSC_Kick_Corr.png used on input line 99.

(pdftex.def)             Requested size: 470.295pt x 317.3577pt.


LaTeX Warning: `h' float specifier changed to `ht'.

[16 <./beam/figures/MuSC_Kick_Corr.png>] [17] [18] [19]
<beam/figures/Finger_Model.png, id=155, 1606.0pt x 886.31125pt>
File: beam/figures/Finger_Model.png Graphic file (type png)

<use beam/figures/Finger_Model.png>
Package pdftex.def Info: beam/figures/Finger_Model.png used on input line 213.
(pdftex.def)             Requested size: 470.295pt x 259.53914pt.


LaTeX Warning: `h' float specifier changed to `ht'.

) [20] [21 <./beam/figures/Finger_Model.png>]
\openout2 = `neutrons/chapter.aux'.

 (./neutrons/chapter.tex
<<8>>

<neutrons/figures/kinetics_neutrons_highlighted-crop.pdf, id=162, 734.745pt x 4
48.67625pt>
File: neutrons/figures/kinetics_neutrons_highlighted-crop.pdf Graphic file (typ
e pdf)
 <use neutrons/figures/kinetics_neutrons_highlighted-crop.pdf>
Package pdftex.def Info: neutrons/figures/kinetics_neutrons_highlighted-crop.pd
f used on input line 20.
(pdftex.def)             Requested size: 470.295pt x 287.1929pt.


LaTeX Warning: `h' float specifier changed to `ht'.

[22



] [23 <./neutrons/figures/kinetics_neutrons_highlighted-crop.pdf>]
<neutrons/figures/shape_capture.pdf, id=180, 569.12625pt x 384.43625pt>
File: neutrons/figures/shape_capture.pdf Graphic file (type pdf)

<use neutrons/figures/shape_capture.pdf>
Package pdftex.def Info: neutrons/figures/shape_capture.pdf used on input line 
44.
(pdftex.def)             Requested size: 470.295pt x 317.69176pt.
 [24 <./neutrons/figures/shape_capture.pdf, page is rotated 90 degrees>]
<neutrons/figures/shape_fusion.pdf, id=228, 569.12625pt x 384.43625pt>
File: neutrons/figures/shape_fusion.pdf Graphic file (type pdf)

<use neutrons/figures/shape_fusion.pdf>
Package pdftex.def Info: neutrons/figures/shape_fusion.pdf used on input line 6
7.
(pdftex.def)             Requested size: 470.295pt x 317.69176pt.
 [25 <./neutrons/figures/shape_fusion.pdf, page is rotated 90 degrees>]
<neutrons/figures/Cuts_SEnergy.png, id=275, 1859.94875pt x 1030.85126pt>
File: neutrons/figures/Cuts_SEnergy.png Graphic file (type png)

<use neutrons/figures/Cuts_SEnergy.png>
Package pdftex.def Info: neutrons/figures/Cuts_SEnergy.png used on input line 8
3.
(pdftex.def)             Requested size: 230.44713pt x 127.70782pt.

<neutrons/figures/Cuts_SEnergyVsTEnergy.png, id=276, 1743.51375pt x 980.66376pt
>
File: neutrons/figures/Cuts_SEnergyVsTEnergy.png Graphic file (type png)
 <use neutrons/figures/Cuts_SEnergyVsTEnergy.png>
Package pdftex.def Info: neutrons/figures/Cuts_SEnergyVsTEnergy.png used on inp
ut line 84.
(pdftex.def)             Requested size: 230.44713pt x 129.6156pt.
 [26 <./neutrons/figures/Cuts_SEnergy.png> <./neutrons/figures/Cuts_SEnergyVsTE
nergy.png>]
<neutrons/figures/NeutronEnergy.png, id=282, 1859.94875pt x 1030.85126pt>
File: neutrons/figures/NeutronEnergy.png Graphic file (type png)

<use neutrons/figures/NeutronEnergy.png>
Package pdftex.def Info: neutrons/figures/NeutronEnergy.png used on input line 
101.
(pdftex.def)             Requested size: 470.295pt x 260.6536pt.
 [27 <./neutrons/figures/NeutronEnergy.png>] [28]
Underfull \vbox (badness 10000) has occurred while \output is active []

 [29]
<neutrons/figures/shape_neuBG.pdf, id=293, 569.12625pt x 384.43625pt>
File: neutrons/figures/shape_neuBG.pdf Graphic file (type pdf)

<use neutrons/figures/shape_neuBG.pdf>
Package pdftex.def Info: neutrons/figures/shape_neuBG.pdf used on input line 16
5.
(pdftex.def)             Requested size: 470.295pt x 317.69176pt.


LaTeX Warning: `h' float specifier changed to `ht'.


Underfull \vbox (badness 4353) has occurred while \output is active []

 [30]
Underfull \vbox (badness 4518) has occurred while \output is active []

 [31 <./neutrons/figures/shape_neuBG.pdf, page is rotated 90 degrees>] [32] [33
]
<neutrons/figures/ePC_phi_Z_All.pdf, id=349, 569.12625pt x 384.43625pt>
File: neutrons/figures/ePC_phi_Z_All.pdf Graphic file (type pdf)

<use neutrons/figures/ePC_phi_Z_All.pdf>
Package pdftex.def Info: neutrons/figures/ePC_phi_Z_All.pdf used on input line 
238.
(pdftex.def)             Requested size: 230.44713pt x 155.66649pt.

<neutrons/figures/ePC_phi_Z_Neu_Tagged.pdf, id=350, 569.12625pt x 384.43625pt>
File: neutrons/figures/ePC_phi_Z_Neu_Tagged.pdf Graphic file (type pdf)

<use neutrons/figures/ePC_phi_Z_Neu_Tagged.pdf>
Package pdftex.def Info: neutrons/figures/ePC_phi_Z_Neu_Tagged.pdf used on inpu
t line 239.
(pdftex.def)             Requested size: 230.44713pt x 155.66649pt.
 [34 <./neutrons/figures/ePC_phi_Z_All.pdf, page is rotated 90 degrees> <./neut
rons/figures/ePC_phi_Z_Neu_Tagged.pdf, page is rotated 90 degrees>]
<neutrons/figures/PromptGamma_EnergiesCh4.png, id=442, 595.22375pt x 452.69125p
t>
File: neutrons/figures/PromptGamma_EnergiesCh4.png Graphic file (type png)
 <use neutrons/figures/PromptGamma_EnergiesCh4.png>
Package pdftex.def Info: neutrons/figures/PromptGamma_EnergiesCh4.png used on i
nput line 270.
(pdftex.def)             Requested size: 470.295pt x 357.67743pt.


LaTeX Warning: `h' float specifier changed to `ht'.

[35]
Underfull \vbox (badness 10000) has occurred while \output is active []

 [36 <./neutrons/figures/PromptGamma_EnergiesCh4.png>]
<neutrons/figures/shape_gammaBG.pdf, id=450, 569.12625pt x 384.43625pt>
File: neutrons/figures/shape_gammaBG.pdf Graphic file (type pdf)

<use neutrons/figures/shape_gammaBG.pdf>
Package pdftex.def Info: neutrons/figures/shape_gammaBG.pdf used on input line 
296.
(pdftex.def)             Requested size: 470.295pt x 317.69176pt.
 [37 <./neutrons/figures/shape_gammaBG.pdf, page is rotated 90 degrees>]
<neutrons/figures/RF_oscillation_calib.pdf, id=497, 569.12625pt x 384.43625pt>
File: neutrons/figures/RF_oscillation_calib.pdf Graphic file (type pdf)

<use neutrons/figures/RF_oscillation_calib.pdf>
Package pdftex.def Info: neutrons/figures/RF_oscillation_calib.pdf used on inpu
t line 311.
(pdftex.def)             Requested size: 470.295pt x 317.69176pt.


LaTeX Warning: `h' float specifier changed to `ht'.

[38]
<neutrons/figures/PSD_gammma_atomic.pdf, id=501, 569.12625pt x 384.43625pt>
File: neutrons/figures/PSD_gammma_atomic.pdf Graphic file (type pdf)

<use neutrons/figures/PSD_gammma_atomic.pdf>
Package pdftex.def Info: neutrons/figures/PSD_gammma_atomic.pdf used on input l
ine 351.
(pdftex.def)             Requested size: 230.44713pt x 155.66649pt.

<neutrons/figures/PSD_neu_fusion_wall.pdf, id=502, 569.12625pt x 384.43625pt>
File: neutrons/figures/PSD_neu_fusion_wall.pdf Graphic file (type pdf)

<use neutrons/figures/PSD_neu_fusion_wall.pdf>
Package pdftex.def Info: neutrons/figures/PSD_neu_fusion_wall.pdf used on input
 line 352.
(pdftex.def)             Requested size: 230.44713pt x 155.66649pt.


LaTeX Warning: `h' float specifier changed to `ht'.

[39 <./neutrons/figures/RF_oscillation_calib.pdf, page is rotated 90 degrees>]
[40 <./neutrons/figures/PSD_gammma_atomic.pdf, page is rotated 90 degrees> <./n
eutrons/figures/PSD_neu_fusion_wall.pdf, page is rotated 90 degrees>]
<neutrons/figures/PSD_fit.png, id=639, 1817.79124pt x 1000.73875pt>
File: neutrons/figures/PSD_fit.png Graphic file (type png)

<use neutrons/figures/PSD_fit.png>
Package pdftex.def Info: neutrons/figures/PSD_fit.png used on input line 381.
(pdftex.def)             Requested size: 470.295pt x 258.90326pt.
 [41 <./neutrons/figures/PSD_fit.png>]
[42] [43]
<neutrons/figures/multifit_ROI_Zoom.png, id=649, 1867.97874pt x 1030.85126pt>
File: neutrons/figures/multifit_ROI_Zoom.png Graphic file (type png)

<use neutrons/figures/multifit_ROI_Zoom.png>
Package pdftex.def Info: neutrons/figures/multifit_ROI_Zoom.png used on input l
ine 445.
(pdftex.def)             Requested size: 470.295pt x 259.52107pt.
 [44 <./neutrons/figures/multifit_ROI_Zoom.png>] [45] [46]
Underfull \vbox (badness 10000) has occurred while \output is active []

 [47]
[48] [49]
<neutrons/figures/R9Calib_Setup.jpg, id=670, 1858.945pt x 2332.715pt>
File: neutrons/figures/R9Calib_Setup.jpg Graphic file (type jpg)

<use neutrons/figures/R9Calib_Setup.jpg>
Package pdftex.def Info: neutrons/figures/R9Calib_Setup.jpg used on input line 
576.
(pdftex.def)             Requested size: 230.44713pt x 289.16824pt.


LaTeX Warning: `h' float specifier changed to `ht'.


LaTeX Warning: Reference `fig:r9_calib' on page 50 undefined on input line 584.


<neutrons/figures/R9Calib_Electron.png, id=671, 641.39626pt x 454.69875pt>
File: neutrons/figures/R9Calib_Electron.png Graphic file (type png)

<use neutrons/figures/R9Calib_Electron.png>
Package pdftex.def Info: neutrons/figures/R9Calib_Electron.png used on input li
ne 588.
(pdftex.def)             Requested size: 230.44713pt x 163.36533pt.

<neutrons/figures/R9Calib_Neutron.png, id=672, 641.39626pt x 466.74374pt>
File: neutrons/figures/R9Calib_Neutron.png Graphic file (type png)

<use neutrons/figures/R9Calib_Neutron.png>
Package pdftex.def Info: neutrons/figures/R9Calib_Neutron.png used on input lin
e 589.
(pdftex.def)             Requested size: 230.44713pt x 167.69289pt.

<neutrons/figures/R9Calib_Gamma.png, id=673, 642.4pt x 466.74374pt>
File: neutrons/figures/R9Calib_Gamma.png Graphic file (type png)

<use neutrons/figures/R9Calib_Gamma.png>
Package pdftex.def Info: neutrons/figures/R9Calib_Gamma.png used on input line 
590.
(pdftex.def)             Requested size: 230.44713pt x 167.42937pt.

<neutrons/figures/R9Calib_Gamma2.png, id=674, 633.36626pt x 454.69875pt>
File: neutrons/figures/R9Calib_Gamma2.png Graphic file (type png)

<use neutrons/figures/R9Calib_Gamma2.png>
Package pdftex.def Info: neutrons/figures/R9Calib_Gamma2.png used on input line
 591.
(pdftex.def)             Requested size: 230.44713pt x 165.43983pt.


LaTeX Warning: `h' float specifier changed to `ht'.

[50]
Underfull \vbox (badness 10000) has occurred while \output is active []

 [51 <./neutrons/figures/R9Calib_Setup.jpg>]
Underfull \vbox (badness 10000) has occurred while \output is active []

 [52 <./neutrons/figures/R9Calib_Electron.png> <./neutrons/figures/R9Calib_Neut
ron.png> <./neutrons/figures/R9Calib_Gamma.png> <./neutrons/figures/R9Calib_Gam
ma2.png>]
<neutrons/figures/scan_X.png, id=689, 1522.68875pt x 835.12pt>
File: neutrons/figures/scan_X.png Graphic file (type png)

<use neutrons/figures/scan_X.png>
Package pdftex.def Info: neutrons/figures/scan_X.png used on input line 618.
(pdftex.def)             Requested size: 470.295pt x 257.9288pt.
 [53 <./neutrons/figures/scan_X.png>]
<neutrons/figures/scan_YZ.png, id=694, 1525.7pt x 836.12375pt>
File: neutrons/figures/scan_YZ.png Graphic file (type png)

<use neutrons/figures/scan_YZ.png>
Package pdftex.def Info: neutrons/figures/scan_YZ.png used on input line 630.
(pdftex.def)             Requested size: 470.295pt x 257.72849pt.

Underfull \vbox (badness 1107) has occurred while \output is active []

 [54 <./neutrons/figures/scan_YZ.png>]
<neutrons/figures/lifetime_calib.pdf, id=699, 569.12625pt x 384.43625pt>
File: neutrons/figures/lifetime_calib.pdf Graphic file (type pdf)

<use neutrons/figures/lifetime_calib.pdf>
Package pdftex.def Info: neutrons/figures/lifetime_calib.pdf used on input line
 651.
(pdftex.def)             Requested size: 470.295pt x 317.69176pt.
 [55 <./neutrons/figures/lifetime_calib.pdf, page is rotated 90 degrees>]) [56]

No file thesis.bbl.
(./thesis.aux (./prelim.aux) (./introduction/chapter.aux) (./theory/chapter.aux
) (./design/chapter.aux) (./experiment/chapter.aux) (./software/chapter.aux)
(./systematics/chapter.aux) (./beam/chapter.aux) (./neutrons/chapter.aux))

LaTeX Warning: There were undefined references.

 ) 
Here is how much of TeX's memory you used:
 2587 strings out of 494953
 37800 string characters out of 6180976
 95723 words of memory out of 5000000
 5752 multiletter control sequences out of 15000+600000
 9773 words of font info for 35 fonts, out of 8000000 for 9000
 14 hyphenation exceptions out of 8191
 37i,9n,23p,441b,239s stack positions out of 5000i,500n,10000p,200000b,80000s
</usr/share/texlive/texmf-dist/fonts/type1/public/amsfonts/cm/cmbx12.pfb></us
r/share/texlive/texmf-dist/fonts/type1/public/amsfonts/cm/cmbxsl10.pfb></usr/sh
are/texlive/texmf-dist/fonts/type1/public/amsfonts/cm/cmex10.pfb></usr/share/te
xlive/texmf-dist/fonts/type1/public/amsfonts/cm/cmmi12.pfb></usr/share/texlive/
texmf-dist/fonts/type1/public/amsfonts/cm/cmmi6.pfb></usr/share/texlive/texmf-d
ist/fonts/type1/public/amsfonts/cm/cmmi8.pfb></usr/share/texlive/texmf-dist/fon
ts/type1/public/amsfonts/cm/cmr10.pfb></usr/share/texlive/texmf-dist/fonts/type
1/public/amsfonts/cm/cmr12.pfb></usr/share/texlive/texmf-dist/fonts/type1/publi
c/amsfonts/cm/cmr17.pfb></usr/share/texlive/texmf-dist/fonts/type1/public/amsfo
nts/cm/cmr6.pfb></usr/share/texlive/texmf-dist/fonts/type1/public/amsfonts/cm/c
mr7.pfb></usr/share/texlive/texmf-dist/fonts/type1/public/amsfonts/cm/cmr8.pfb>
</usr/share/texlive/texmf-dist/fonts/type1/public/amsfonts/cm/cmsy10.pfb></usr/
share/texlive/texmf-dist/fonts/type1/public/amsfonts/cm/cmsy6.pfb></usr/share/t
exlive/texmf-dist/fonts/type1/public/amsfonts/cm/cmsy8.pfb></usr/share/texlive/
texmf-dist/fonts/type1/public/amsfonts/cm/cmti12.pfb>
Output written on thesis.pdf (65 pages, 4413987 bytes).
PDF statistics:
 802 PDF objects out of 1000 (max. 8388607)
 399 compressed objects within 4 object streams
 0 named destinations out of 1000 (max. 500000)
 151 words of extra memory for PDF output out of 10000 (max. 10000000)

